<?xml version="1.0" encoding="UTF-8"?>
<!-- Generated by org.testng.reporters.JUnitXMLReporter -->
<testsuite ignored="0" hostname="Suryastark" failures="2" tests="8" name="Linux-firefox" time="90.116" errors="0" timestamp="2024-12-19T20:12:12 IST">
  <testcase classname="testCases.TC001_AccountRegistrationTest" name="verify_account_registration" time="4.236"/>
  <testcase classname="testCases.TC002_LoginTest" name="verify_login" time="2.52"/>
  <testcase classname="testCases.TC003_LoginDDT" name="verif_loginDDT" time="12.255"/>
  <testcase classname="testCases.TC003_LoginDDT" name="verif_loginDDT" time="2.504"/>
  <testcase classname="testCases.TC003_LoginDDT" name="verif_loginDDT" time="2.445">
    <failure type="java.lang.AssertionError" message="expected [true] but found [false]">
      <![CDATA[java.lang.AssertionError: expected [true] but found [false]
at testCases.TC003_LoginDDT.verif_loginDDT(TC003_LoginDDT.java:63)
at java.base/java.util.ArrayList.forEach(ArrayList.java:1597)
... Removed 29 stack frames]]>
    </failure>
  </testcase> <!-- verif_loginDDT -->
  <testcase classname="testCases.TC003_LoginDDT" name="verif_loginDDT" time="11.793">
    <failure type="java.lang.AssertionError" message="expected [true] but found [false]">
      <![CDATA[java.lang.AssertionError: expected [true] but found [false]
at testCases.TC003_LoginDDT.verif_loginDDT(TC003_LoginDDT.java:53)
at java.base/java.util.ArrayList.forEach(ArrayList.java:1597)
... Removed 29 stack frames]]>
    </failure>
  </testcase> <!-- verif_loginDDT -->
  <testcase classname="testCases.TC003_LoginDDT" name="verif_loginDDT" time="2.535"/>
  <testcase classname="testCases.TC003_LoginDDT" name="verif_loginDDT" time="11.769"/>
</testsuite> <!-- Linux-firefox -->
