<?xml version="1.0" encoding="UTF-8"?>
<!-- Generated by org.testng.reporters.JUnitXMLReporter -->
<testsuite ignored="0" hostname="Suryastark" failures="2" tests="2" name="Test(failed)" time="20.032" errors="0" timestamp="2024-12-19T09:14:33 IST">
  <testcase classname="testCases.TC003_LoginDDT" name="verif_loginDDT" time="1.962">
    <failure type="java.lang.AssertionError" message="expected [true] but found [false]">
      <![CDATA[java.lang.AssertionError: expected [true] but found [false]
at testCases.TC003_LoginDDT.verif_loginDDT(TC003_LoginDDT.java:63)
at java.base/java.util.ArrayList.forEach(ArrayList.java:1597)
... Removed 29 stack frames]]>
    </failure>
  </testcase> <!-- verif_loginDDT -->
  <testcase classname="testCases.TC003_LoginDDT" name="verif_loginDDT" time="11.174">
    <failure type="java.lang.AssertionError" message="expected [true] but found [false]">
      <![CDATA[java.lang.AssertionError: expected [true] but found [false]
at testCases.TC003_LoginDDT.verif_loginDDT(TC003_LoginDDT.java:53)
at java.base/java.util.ArrayList.forEach(ArrayList.java:1597)
... Removed 29 stack frames]]>
    </failure>
  </testcase> <!-- verif_loginDDT -->
</testsuite> <!-- Test(failed) -->
